<?xml version="1.0" encoding="UTF-8"?>
<testsuites name="Test Suite1" time="112" tests="0" failures="1" errors="0">
   <testsuite name="Test Suite1" tests="0" failures="1" errors="0" time="112" timestamp="2019-01-09 14:20:39" hostname="Administrator - DESKTOP-OGOHDN0" id="Test Suites/Test Suite1">
      <properties>
         <property name="deviceName" value=""/>
         <property name="devicePlatform" value=""/>
         <property name="logFolder" value="C:\\Users\\Administrator\\Katalon Studio\\Example\\Reports\\Test Suite1\\20190109_142032"/>
         <property name="logFiles" value="C:\\Users\\Administrator\\Katalon Studio\\Example\\Reports\\Test Suite1\\20190109_142032\\execution0.log"/>
         <property name="attachments" value="C:\\Users\\Administrator\\Katalon Studio\\Example\\Reports\\Test Suite1\\20190109_142032\\1547061749740.png"/>
         <property name="hostName" value="Administrator - DESKTOP-OGOHDN0"/>
         <property name="os" value="Windows 10 64bit"/>
         <property name="katalonVersion" value="5.10.1.1"/>
         <property name="browser" value="Chrome 71.0.3578.98"/>
         <property name="hostAddress" value="192.168.88.98"/>
         <property name="sessionId" value="9d78594ff1bb0f8ca092262363687ac3"/>
         <property name="seleniumVersion" value="3.7.1"/>
         <property name="proxyInformation" value="ProxyInformation{proxyOption=NO_PROXY, proxyServerType=HTTP, password=, proxyServerAddress=, proxyServerPort=0}"/>
         <property name="platform" value="Windows 10"/>
      </properties>
      <testcase name="Test Cases/Express/Express1-2/Express1-2" classname="Test Cases/Express/Express1-2/Express1-2" status="FAILED">
         <failure type="FAILED" message="Test Cases/Express/Express1-2/Express1-2 FAILED.
Reason:
com.kms.katalon.core.exception.StepFailedException: Unable to send keys 'casaca' to object 'Object Repository/Express_Chazki/Entrega/Entrega1/Producto-Entrega-1' (Root cause: org.openqa.selenium.ElementNotVisibleException: element not interactable
  (Session info: chrome=71.0.3578.98)
  (Driver info: chromedriver=2.43.600210 (68dcf5eebde37173d4027fa8635e332711d2874a),platform=Windows NT 10.0.17134 x86_64) (WARNING: The server did not provide any stacktrace information)
Command duration or timeout: 0 milliseconds
Build info: version: '3.7.1', revision: '8a0099a', time: '2017-11-06T21:07:36.161Z'
System info: host: 'DESKTOP-OGOHDN0', ip: '192.168.88.98', os.name: 'Windows 10', os.arch: 'amd64', os.version: '10.0', java.version: '1.8.0_181'
Driver info: com.kms.katalon.selenium.driver.CChromeDriver
Capabilities {acceptInsecureCerts: false, acceptSslCerts: false, applicationCacheEnabled: false, browserConnectionEnabled: false, browserName: chrome, chrome: {chromedriverVersion: 2.43.600210 (68dcf5eebde371..., userDataDir: C:\Users\ADMINI~1\AppData\L...}, cssSelectorsEnabled: true, databaseEnabled: false, goog:chromeOptions: {debuggerAddress: localhost:63398}, handlesAlerts: true, hasTouchScreen: false, javascriptEnabled: true, locationContextEnabled: true, mobileEmulationEnabled: false, nativeEvents: true, networkConnectionEnabled: false, pageLoadStrategy: normal, platform: XP, platformName: XP, rotatable: false, setWindowRect: true, takesHeapSnapshot: true, takesScreenshot: true, unexpectedAlertBehaviour: , unhandledPromptBehavior: , version: 71.0.3578.98, webStorageEnabled: true}
Session ID: 9d78594ff1bb0f8ca092262363687ac3)
	at com.kms.katalon.core.keyword.internal.KeywordMain.stepFailed(KeywordMain.groovy:36)
	at com.kms.katalon.core.webui.keyword.internal.WebUIKeywordMain.stepFailed(WebUIKeywordMain.groovy:65)
	at com.kms.katalon.core.webui.keyword.internal.WebUIKeywordMain.runKeyword(WebUIKeywordMain.groovy:27)
	at com.kms.katalon.core.webui.keyword.builtin.SendKeysKeyword.sendKeys(SendKeysKeyword.groovy:60)
	at com.kms.katalon.core.webui.keyword.builtin.SendKeysKeyword.execute(SendKeysKeyword.groovy:38)
	at com.kms.katalon.core.keyword.internal.KeywordExecutor.executeKeywordForPlatform(KeywordExecutor.groovy:53)
	at com.kms.katalon.core.webui.keyword.WebUiBuiltInKeywords.sendKeys(WebUiBuiltInKeywords.groovy:834)
	at com.kms.katalon.core.webui.keyword.WebUiBuiltInKeywords$sendKeys$3.call(Unknown Source)
	at Express1-2.run(Express1-2:91)
	at com.kms.katalon.core.main.ScriptEngine.run(ScriptEngine.java:194)
	at com.kms.katalon.core.main.ScriptEngine.runScriptAsRawText(ScriptEngine.java:119)
	at com.kms.katalon.core.main.TestCaseExecutor.runScript(TestCaseExecutor.java:328)
	at com.kms.katalon.core.main.TestCaseExecutor.doExecute(TestCaseExecutor.java:319)
	at com.kms.katalon.core.main.TestCaseExecutor.processExecutionPhase(TestCaseExecutor.java:298)
	at com.kms.katalon.core.main.TestCaseExecutor.accessMainPhase(TestCaseExecutor.java:290)
	at com.kms.katalon.core.main.TestCaseExecutor.execute(TestCaseExecutor.java:224)
	at com.kms.katalon.core.main.TestSuiteExecutor.accessTestCaseMainPhase(TestSuiteExecutor.java:129)
	at com.kms.katalon.core.main.TestSuiteExecutor.accessTestSuiteMainPhase(TestSuiteExecutor.java:112)
	at com.kms.katalon.core.main.TestSuiteExecutor.execute(TestSuiteExecutor.java:81)
	at com.kms.katalon.core.main.TestCaseMain.startTestSuite(TestCaseMain.java:149)
	at com.kms.katalon.core.main.TestCaseMain$startTestSuite$0.call(Unknown Source)
	at TempTestSuite1547061632195.run(TempTestSuite1547061632195.groovy:36)
"/>
         <system-out><![CDATA[2019-01-09 14:20:41 - [TEST_CASE][FAILED] - Test Cases/Express/Express1-2/Express1-2: Test Cases/Express/Express1-2/Express1-2 FAILED.
Reason:
com.kms.katalon.core.exception.StepFailedException: Unable to send keys 'casaca' to object 'Object Repository/Express_Chazki/Entrega/Entrega1/Producto-Entrega-1' (Root cause: org.openqa.selenium.ElementNotVisibleException: element not interactable
  (Session info: chrome=71.0.3578.98)
  (Driver info: chromedriver=2.43.600210 (68dcf5eebde37173d4027fa8635e332711d2874a),platform=Windows NT 10.0.17134 x86_64) (WARNING: The server did not provide any stacktrace information)
Command duration or timeout: 0 milliseconds
Build info: version: '3.7.1', revision: '8a0099a', time: '2017-11-06T21:07:36.161Z'
System info: host: 'DESKTOP-OGOHDN0', ip: '192.168.88.98', os.name: 'Windows 10', os.arch: 'amd64', os.version: '10.0', java.version: '1.8.0_181'
Driver info: com.kms.katalon.selenium.driver.CChromeDriver
Capabilities {acceptInsecureCerts: false, acceptSslCerts: false, applicationCacheEnabled: false, browserConnectionEnabled: false, browserName: chrome, chrome: {chromedriverVersion: 2.43.600210 (68dcf5eebde371..., userDataDir: C:\Users\ADMINI~1\AppData\L...}, cssSelectorsEnabled: true, databaseEnabled: false, goog:chromeOptions: {debuggerAddress: localhost:63398}, handlesAlerts: true, hasTouchScreen: false, javascriptEnabled: true, locationContextEnabled: true, mobileEmulationEnabled: false, nativeEvents: true, networkConnectionEnabled: false, pageLoadStrategy: normal, platform: XP, platformName: XP, rotatable: false, setWindowRect: true, takesHeapSnapshot: true, takesScreenshot: true, unexpectedAlertBehaviour: , unhandledPromptBehavior: , version: 71.0.3578.98, webStorageEnabled: true}
Session ID: 9d78594ff1bb0f8ca092262363687ac3)
	at com.kms.katalon.core.keyword.internal.KeywordMain.stepFailed(KeywordMain.groovy:36)
	at com.kms.katalon.core.webui.keyword.internal.WebUIKeywordMain.stepFailed(WebUIKeywordMain.groovy:65)
	at com.kms.katalon.core.webui.keyword.internal.WebUIKeywordMain.runKeyword(WebUIKeywordMain.groovy:27)
	at com.kms.katalon.core.webui.keyword.builtin.SendKeysKeyword.sendKeys(SendKeysKeyword.groovy:60)
	at com.kms.katalon.core.webui.keyword.builtin.SendKeysKeyword.execute(SendKeysKeyword.groovy:38)
	at com.kms.katalon.core.keyword.internal.KeywordExecutor.executeKeywordForPlatform(KeywordExecutor.groovy:53)
	at com.kms.katalon.core.webui.keyword.WebUiBuiltInKeywords.sendKeys(WebUiBuiltInKeywords.groovy:834)
	at com.kms.katalon.core.webui.keyword.WebUiBuiltInKeywords$sendKeys$3.call(Unknown Source)
	at Express1-2.run(Express1-2:91)
	at com.kms.katalon.core.main.ScriptEngine.run(ScriptEngine.java:194)
	at com.kms.katalon.core.main.ScriptEngine.runScriptAsRawText(ScriptEngine.java:119)
	at com.kms.katalon.core.main.TestCaseExecutor.runScript(TestCaseExecutor.java:328)
	at com.kms.katalon.core.main.TestCaseExecutor.doExecute(TestCaseExecutor.java:319)
	at com.kms.katalon.core.main.TestCaseExecutor.processExecutionPhase(TestCaseExecutor.java:298)
	at com.kms.katalon.core.main.TestCaseExecutor.accessMainPhase(TestCaseExecutor.java:290)
	at com.kms.katalon.core.main.TestCaseExecutor.execute(TestCaseExecutor.java:224)
	at com.kms.katalon.core.main.TestSuiteExecutor.accessTestCaseMainPhase(TestSuiteExecutor.java:129)
	at com.kms.katalon.core.main.TestSuiteExecutor.accessTestSuiteMainPhase(TestSuiteExecutor.java:112)
	at com.kms.katalon.core.main.TestSuiteExecutor.execute(TestSuiteExecutor.java:81)
	at com.kms.katalon.core.main.TestCaseMain.startTestSuite(TestCaseMain.java:149)
	at com.kms.katalon.core.main.TestCaseMain$startTestSuite$0.call(Unknown Source)
	at TempTestSuite1547061632195.run(TempTestSuite1547061632195.groovy:36)


2019-01-09 14:20:44 - [TEST_STEP][PASSED] - openBrowser("https://mario.chazki.com/#/", STOP_ON_FAILURE): Browser is opened with url: 'https://mario.chazki.com/#/'

2019-01-09 14:20:45 - [MESSAGE][INFO] - Starting 'Chrome' driver

2019-01-09 14:20:45 - [MESSAGE][INFO] - Action delay is set to 0 seconds

2019-01-09 14:20:55 - [MESSAGE][PASSED] - Browser is opened with url: 'https://mario.chazki.com/#/'

2019-01-09 14:20:55 - [TEST_STEP][PASSED] - setText(findTestObject("LoginMario/LoginPage_Chazki/input_envos_emailLogin"), "renzo@gmail.com"): Text 'renzo@gmail.com' is set on object 'Object Repository/LoginMario/LoginPage_Chazki/input_envos_emailLogin'

2019-01-09 14:20:55 - [MESSAGE][PASSED] - Text 'renzo@gmail.com' is set on object 'Object Repository/LoginMario/LoginPage_Chazki/input_envos_emailLogin'

2019-01-09 14:20:55 - [TEST_STEP][PASSED] - setText(findTestObject("LoginMario/LoginPage_Chazki/input_Campo requerido_password"), "tutu102"): Text 'tutu102' is set on object 'Object Repository/LoginMario/LoginPage_Chazki/input_Campo requerido_password'

2019-01-09 14:20:56 - [MESSAGE][PASSED] - Text 'tutu102' is set on object 'Object Repository/LoginMario/LoginPage_Chazki/input_Campo requerido_password'

2019-01-09 14:20:56 - [TEST_STEP][PASSED] - click(findTestObject("LoginMario/LoginPage_Chazki/button_Ingresar")): Object: 'Object Repository/LoginMario/LoginPage_Chazki/button_Ingresar' is clicked on

2019-01-09 14:20:56 - [MESSAGE][PASSED] - Object: 'Object Repository/LoginMario/LoginPage_Chazki/button_Ingresar' is clicked on

2019-01-09 14:20:56 - [TEST_STEP][PASSED] - delay(5): Delayed 5 second(s)

2019-01-09 14:21:01 - [MESSAGE][PASSED] - Delayed 5 second(s)

2019-01-09 14:21:01 - [TEST_STEP][PASSED] - verifyElementText(findTestObject("Express_Chazki/span_luis chavez"), "renzo chavez"): Actual text and expected text of test object 'Object Repository/Express_Chazki/span_luis chavez' are matched.

2019-01-09 14:21:05 - [MESSAGE][PASSED] - Actual text and expected text of test object 'Object Repository/Express_Chazki/span_luis chavez' are matched.

2019-01-09 14:21:05 - [TEST_STEP][PASSED] - delay(5): Delayed 5 second(s)

2019-01-09 14:21:10 - [MESSAGE][PASSED] - Delayed 5 second(s)

2019-01-09 14:21:10 - [TEST_STEP][PASSED] - sendKeys(findTestObject("Express_Chazki/Recojo/ContactoRecojo"), "juana"): Keys 'juana' sent to object: 'Object Repository/Express_Chazki/Recojo/ContactoRecojo'

2019-01-09 14:21:10 - [MESSAGE][PASSED] - Keys 'juana' sent to object: 'Object Repository/Express_Chazki/Recojo/ContactoRecojo'

2019-01-09 14:21:10 - [TEST_STEP][PASSED] - sendKeys(findTestObject("Express_Chazki/Recojo/TelefonoRecojo"), "963258741"): Keys '963258741' sent to object: 'Object Repository/Express_Chazki/Recojo/TelefonoRecojo'

2019-01-09 14:21:11 - [MESSAGE][PASSED] - Keys '963258741' sent to object: 'Object Repository/Express_Chazki/Recojo/TelefonoRecojo'

2019-01-09 14:21:11 - [TEST_STEP][PASSED] - delay(5): Delayed 5 second(s)

2019-01-09 14:21:16 - [MESSAGE][PASSED] - Delayed 5 second(s)

2019-01-09 14:21:16 - [TEST_STEP][PASSED] - sendKeys(findTestObject("Express_Chazki/Recojo/DireccionRecojo"), "los jardines de "): Keys 'los jardines de ' sent to object: 'Object Repository/Express_Chazki/Recojo/DireccionRecojo'

2019-01-09 14:21:17 - [MESSAGE][PASSED] - Keys 'los jardines de ' sent to object: 'Object Repository/Express_Chazki/Recojo/DireccionRecojo'

2019-01-09 14:21:17 - [TEST_STEP][PASSED] - delay(5): Delayed 5 second(s)

2019-01-09 14:21:22 - [MESSAGE][PASSED] - Delayed 5 second(s)

2019-01-09 14:21:22 - [TEST_STEP][PASSED] - sendKeys(findTestObject("Express_Chazki/Recojo/DireccionRecojo"), Keys.chord(ARROW_DOWN, ENTER)): Keys 'DOWN + ENTER + ' sent to object: 'Object Repository/Express_Chazki/Recojo/DireccionRecojo'

2019-01-09 14:21:22 - [MESSAGE][PASSED] - Keys 'DOWN + ENTER + ' sent to object: 'Object Repository/Express_Chazki/Recojo/DireccionRecojo'

2019-01-09 14:21:22 - [TEST_STEP][PASSED] - delay(10): Delayed 10 second(s)

2019-01-09 14:21:32 - [MESSAGE][PASSED] - Delayed 10 second(s)

2019-01-09 14:21:32 - [TEST_STEP][PASSED] - setText(findTestObject("Express_Chazki/Entrega/Entrega0/ContactoEntrega-0"), "carlos"): Text 'carlos' is set on object 'Object Repository/Express_Chazki/Entrega/Entrega0/ContactoEntrega-0'

2019-01-09 14:21:33 - [MESSAGE][PASSED] - Text 'carlos' is set on object 'Object Repository/Express_Chazki/Entrega/Entrega0/ContactoEntrega-0'

2019-01-09 14:21:33 - [TEST_STEP][PASSED] - delay(5): Delayed 5 second(s)

2019-01-09 14:21:38 - [MESSAGE][PASSED] - Delayed 5 second(s)

2019-01-09 14:21:38 - [TEST_STEP][PASSED] - setText(findTestObject("Express_Chazki/Entrega/Entrega0/TelefonoEntrega-0"), "999046712"): Text '999046712' is set on object 'Object Repository/Express_Chazki/Entrega/Entrega0/TelefonoEntrega-0'

2019-01-09 14:21:38 - [MESSAGE][PASSED] - Text '999046712' is set on object 'Object Repository/Express_Chazki/Entrega/Entrega0/TelefonoEntrega-0'

2019-01-09 14:21:38 - [TEST_STEP][PASSED] - delay(5): Delayed 5 second(s)

2019-01-09 14:21:43 - [MESSAGE][PASSED] - Delayed 5 second(s)

2019-01-09 14:21:43 - [TEST_STEP][PASSED] - sendKeys(findTestObject("Express_Chazki/Entrega/Entrega0/DireccionEntrega-0"), "avenida la molina"): Keys 'avenida la molina' sent to object: 'Object Repository/Express_Chazki/Entrega/Entrega0/DireccionEntrega-0'

2019-01-09 14:21:44 - [MESSAGE][PASSED] - Keys 'avenida la molina' sent to object: 'Object Repository/Express_Chazki/Entrega/Entrega0/DireccionEntrega-0'

2019-01-09 14:21:44 - [TEST_STEP][PASSED] - delay(5): Delayed 5 second(s)

2019-01-09 14:21:49 - [MESSAGE][PASSED] - Delayed 5 second(s)

2019-01-09 14:21:49 - [TEST_STEP][PASSED] - sendKeys(findTestObject("Express_Chazki/Entrega/Entrega0/DireccionEntrega-0"), Keys.chord(ARROW_DOWN, ENTER)): Keys 'DOWN + ENTER + ' sent to object: 'Object Repository/Express_Chazki/Entrega/Entrega0/DireccionEntrega-0'

2019-01-09 14:21:50 - [MESSAGE][PASSED] - Keys 'DOWN + ENTER + ' sent to object: 'Object Repository/Express_Chazki/Entrega/Entrega0/DireccionEntrega-0'

2019-01-09 14:21:50 - [TEST_STEP][PASSED] - delay(5): Delayed 5 second(s)

2019-01-09 14:21:55 - [MESSAGE][PASSED] - Delayed 5 second(s)

2019-01-09 14:21:55 - [TEST_STEP][PASSED] - click(findTestObject("Express_Chazki/ConfirmarOrden/button_No")): Object: 'Object Repository/Express_Chazki/ConfirmarOrden/button_No' is clicked on

2019-01-09 14:21:55 - [MESSAGE][PASSED] - Object: 'Object Repository/Express_Chazki/ConfirmarOrden/button_No' is clicked on

2019-01-09 14:21:55 - [TEST_STEP][PASSED] - delay(5): Delayed 5 second(s)

2019-01-09 14:22:00 - [MESSAGE][PASSED] - Delayed 5 second(s)

2019-01-09 14:22:00 - [TEST_STEP][PASSED] - sendKeys(findTestObject("Express_Chazki/Entrega/Entrega0/ProductoEntrega-0"), "celular"): Keys 'celular' sent to object: 'Object Repository/Express_Chazki/Entrega/Entrega0/ProductoEntrega-0'

2019-01-09 14:22:01 - [MESSAGE][PASSED] - Keys 'celular' sent to object: 'Object Repository/Express_Chazki/Entrega/Entrega0/ProductoEntrega-0'

2019-01-09 14:22:01 - [TEST_STEP][PASSED] - click(findTestObject("Express_Chazki/AgregarDestino/p_Agregar Destino")): Object: 'Object Repository/Express_Chazki/AgregarDestino/p_Agregar Destino' is clicked on

2019-01-09 14:22:01 - [MESSAGE][PASSED] - Object: 'Object Repository/Express_Chazki/AgregarDestino/p_Agregar Destino' is clicked on

2019-01-09 14:22:01 - [TEST_STEP][PASSED] - delay(5): Delayed 5 second(s)

2019-01-09 14:22:06 - [MESSAGE][PASSED] - Delayed 5 second(s)

2019-01-09 14:22:06 - [TEST_STEP][PASSED] - sendKeys(findTestObject("Express_Chazki/Entrega/Entrega1/Contacto-Entrega-1"), "lesly"): Keys 'lesly' sent to object: 'Object Repository/Express_Chazki/Entrega/Entrega1/Contacto-Entrega-1'

2019-01-09 14:22:07 - [MESSAGE][PASSED] - Keys 'lesly' sent to object: 'Object Repository/Express_Chazki/Entrega/Entrega1/Contacto-Entrega-1'

2019-01-09 14:22:07 - [TEST_STEP][PASSED] - delay(5): Delayed 5 second(s)

2019-01-09 14:22:12 - [MESSAGE][PASSED] - Delayed 5 second(s)

2019-01-09 14:22:12 - [TEST_STEP][PASSED] - sendKeys(findTestObject("Express_Chazki/Entrega/Entrega1/Telefono-Entrega-1"), "998852321"): Keys '998852321' sent to object: 'Object Repository/Express_Chazki/Entrega/Entrega1/Telefono-Entrega-1'

2019-01-09 14:22:12 - [MESSAGE][PASSED] - Keys '998852321' sent to object: 'Object Repository/Express_Chazki/Entrega/Entrega1/Telefono-Entrega-1'

2019-01-09 14:22:12 - [TEST_STEP][PASSED] - delay(5): Delayed 5 second(s)

2019-01-09 14:22:17 - [MESSAGE][PASSED] - Delayed 5 second(s)

2019-01-09 14:22:17 - [TEST_STEP][PASSED] - sendKeys(findTestObject("Express_Chazki/Entrega/Entrega1/Direccion-Entrega-1"), "san isidro"): Keys 'san isidro' sent to object: 'Object Repository/Express_Chazki/Entrega/Entrega1/Direccion-Entrega-1'

2019-01-09 14:22:18 - [MESSAGE][PASSED] - Keys 'san isidro' sent to object: 'Object Repository/Express_Chazki/Entrega/Entrega1/Direccion-Entrega-1'

2019-01-09 14:22:18 - [TEST_STEP][PASSED] - delay(5): Delayed 5 second(s)

2019-01-09 14:22:23 - [MESSAGE][PASSED] - Delayed 5 second(s)

2019-01-09 14:22:23 - [TEST_STEP][PASSED] - sendKeys(findTestObject("Express_Chazki/Entrega/Entrega1/Direccion-Entrega-1"), Keys.chord(ARROW_DOWN, ENTER)): Keys 'DOWN + ENTER + ' sent to object: 'Object Repository/Express_Chazki/Entrega/Entrega1/Direccion-Entrega-1'

2019-01-09 14:22:24 - [MESSAGE][PASSED] - Keys 'DOWN + ENTER + ' sent to object: 'Object Repository/Express_Chazki/Entrega/Entrega1/Direccion-Entrega-1'

2019-01-09 14:22:24 - [TEST_STEP][PASSED] - delay(5): Delayed 5 second(s)

2019-01-09 14:22:29 - [MESSAGE][PASSED] - Delayed 5 second(s)

2019-01-09 14:22:29 - [TEST_STEP][PASSED] - click(findTestObject("Express_Chazki/ConfirmarOrden/button_No")): Object: 'Object Repository/Express_Chazki/ConfirmarOrden/button_No' is clicked on

2019-01-09 14:22:29 - [MESSAGE][PASSED] - Object: 'Object Repository/Express_Chazki/ConfirmarOrden/button_No' is clicked on

2019-01-09 14:22:29 - [TEST_STEP][PASSED] - scrollToPosition(50, 60): Browser is scrolled to position x = 50, y = 60

2019-01-09 14:22:29 - [MESSAGE][PASSED] - Browser is scrolled to position x = 50, y = 60

2019-01-09 14:22:29 - [TEST_STEP][FAILED] - sendKeys(findTestObject("Express_Chazki/Entrega/Entrega1/Producto-Entrega-1"), "casaca"): sendKeys(findTestObject("Express_Chazki/Entrega/Entrega1/Producto-Entrega-1"), "casaca") FAILED.
Reason:
com.kms.katalon.core.exception.StepFailedException: Unable to send keys 'casaca' to object 'Object Repository/Express_Chazki/Entrega/Entrega1/Producto-Entrega-1' (Root cause: org.openqa.selenium.ElementNotVisibleException: element not interactable
  (Session info: chrome=71.0.3578.98)
  (Driver info: chromedriver=2.43.600210 (68dcf5eebde37173d4027fa8635e332711d2874a),platform=Windows NT 10.0.17134 x86_64) (WARNING: The server did not provide any stacktrace information)
Command duration or timeout: 0 milliseconds
Build info: version: '3.7.1', revision: '8a0099a', time: '2017-11-06T21:07:36.161Z'
System info: host: 'DESKTOP-OGOHDN0', ip: '192.168.88.98', os.name: 'Windows 10', os.arch: 'amd64', os.version: '10.0', java.version: '1.8.0_181'
Driver info: com.kms.katalon.selenium.driver.CChromeDriver
Capabilities {acceptInsecureCerts: false, acceptSslCerts: false, applicationCacheEnabled: false, browserConnectionEnabled: false, browserName: chrome, chrome: {chromedriverVersion: 2.43.600210 (68dcf5eebde371..., userDataDir: C:\Users\ADMINI~1\AppData\L...}, cssSelectorsEnabled: true, databaseEnabled: false, goog:chromeOptions: {debuggerAddress: localhost:63398}, handlesAlerts: true, hasTouchScreen: false, javascriptEnabled: true, locationContextEnabled: true, mobileEmulationEnabled: false, nativeEvents: true, networkConnectionEnabled: false, pageLoadStrategy: normal, platform: XP, platformName: XP, rotatable: false, setWindowRect: true, takesHeapSnapshot: true, takesScreenshot: true, unexpectedAlertBehaviour: , unhandledPromptBehavior: , version: 71.0.3578.98, webStorageEnabled: true}
Session ID: 9d78594ff1bb0f8ca092262363687ac3)
	at com.kms.katalon.core.keyword.internal.KeywordMain.stepFailed(KeywordMain.groovy:36)
	at com.kms.katalon.core.webui.keyword.internal.WebUIKeywordMain.stepFailed(WebUIKeywordMain.groovy:65)
	at com.kms.katalon.core.webui.keyword.internal.WebUIKeywordMain.runKeyword(WebUIKeywordMain.groovy:27)
	at com.kms.katalon.core.webui.keyword.builtin.SendKeysKeyword.sendKeys(SendKeysKeyword.groovy:60)
	at com.kms.katalon.core.webui.keyword.builtin.SendKeysKeyword.execute(SendKeysKeyword.groovy:38)
	at com.kms.katalon.core.keyword.internal.KeywordExecutor.executeKeywordForPlatform(KeywordExecutor.groovy:53)
	at com.kms.katalon.core.webui.keyword.WebUiBuiltInKeywords.sendKeys(WebUiBuiltInKeywords.groovy:834)
	at com.kms.katalon.core.webui.keyword.WebUiBuiltInKeywords$sendKeys$3.call(Unknown Source)
	at Express1-2.run(Express1-2:91)
	at com.kms.katalon.core.main.ScriptEngine.run(ScriptEngine.java:194)
	at com.kms.katalon.core.main.ScriptEngine.runScriptAsRawText(ScriptEngine.java:119)
	at com.kms.katalon.core.main.TestCaseExecutor.runScript(TestCaseExecutor.java:328)
	at com.kms.katalon.core.main.TestCaseExecutor.doExecute(TestCaseExecutor.java:319)
	at com.kms.katalon.core.main.TestCaseExecutor.processExecutionPhase(TestCaseExecutor.java:298)
	at com.kms.katalon.core.main.TestCaseExecutor.accessMainPhase(TestCaseExecutor.java:290)
	at com.kms.katalon.core.main.TestCaseExecutor.execute(TestCaseExecutor.java:224)
	at com.kms.katalon.core.main.TestSuiteExecutor.accessTestCaseMainPhase(TestSuiteExecutor.java:129)
	at com.kms.katalon.core.main.TestSuiteExecutor.accessTestSuiteMainPhase(TestSuiteExecutor.java:112)
	at com.kms.katalon.core.main.TestSuiteExecutor.execute(TestSuiteExecutor.java:81)
	at com.kms.katalon.core.main.TestCaseMain.startTestSuite(TestCaseMain.java:149)
	at com.kms.katalon.core.main.TestCaseMain$startTestSuite$0.call(Unknown Source)
	at TempTestSuite1547061632195.run(TempTestSuite1547061632195.groovy:36)


2019-01-09 14:22:30 - [MESSAGE][FAILED] - Unable to send keys 'casaca' to object 'Object Repository/Express_Chazki/Entrega/Entrega1/Producto-Entrega-1' (Root cause: org.openqa.selenium.ElementNotVisibleException: element not interactable
  (Session info: chrome=71.0.3578.98)
  (Driver info: chromedriver=2.43.600210 (68dcf5eebde37173d4027fa8635e332711d2874a),platform=Windows NT 10.0.17134 x86_64) (WARNING: The server did not provide any stacktrace information)
Command duration or timeout: 0 milliseconds
Build info: version: '3.7.1', revision: '8a0099a', time: '2017-11-06T21:07:36.161Z'
System info: host: 'DESKTOP-OGOHDN0', ip: '192.168.88.98', os.name: 'Windows 10', os.arch: 'amd64', os.version: '10.0', java.version: '1.8.0_181'
Driver info: com.kms.katalon.selenium.driver.CChromeDriver
Capabilities {acceptInsecureCerts: false, acceptSslCerts: false, applicationCacheEnabled: false, browserConnectionEnabled: false, browserName: chrome, chrome: {chromedriverVersion: 2.43.600210 (68dcf5eebde371..., userDataDir: C:\Users\ADMINI~1\AppData\L...}, cssSelectorsEnabled: true, databaseEnabled: false, goog:chromeOptions: {debuggerAddress: localhost:63398}, handlesAlerts: true, hasTouchScreen: false, javascriptEnabled: true, locationContextEnabled: true, mobileEmulationEnabled: false, nativeEvents: true, networkConnectionEnabled: false, pageLoadStrategy: normal, platform: XP, platformName: XP, rotatable: false, setWindowRect: true, takesHeapSnapshot: true, takesScreenshot: true, unexpectedAlertBehaviour: , unhandledPromptBehavior: , version: 71.0.3578.98, webStorageEnabled: true}
Session ID: 9d78594ff1bb0f8ca092262363687ac3)
[[ATTACHMENT|C:\\Users\\Administrator\\Katalon Studio\\Example\\Reports\\Test Suite1\\20190109_142032\\1547061749740.png]]

2019-01-09 14:22:30 - [MESSAGE][FAILED] - sendKeys(findTestObject("Express_Chazki/Entrega/Entrega1/Producto-Entrega-1"), "casaca") FAILED.
Reason:
com.kms.katalon.core.exception.StepFailedException: Unable to send keys 'casaca' to object 'Object Repository/Express_Chazki/Entrega/Entrega1/Producto-Entrega-1' (Root cause: org.openqa.selenium.ElementNotVisibleException: element not interactable
  (Session info: chrome=71.0.3578.98)
  (Driver info: chromedriver=2.43.600210 (68dcf5eebde37173d4027fa8635e332711d2874a),platform=Windows NT 10.0.17134 x86_64) (WARNING: The server did not provide any stacktrace information)
Command duration or timeout: 0 milliseconds
Build info: version: '3.7.1', revision: '8a0099a', time: '2017-11-06T21:07:36.161Z'
System info: host: 'DESKTOP-OGOHDN0', ip: '192.168.88.98', os.name: 'Windows 10', os.arch: 'amd64', os.version: '10.0', java.version: '1.8.0_181'
Driver info: com.kms.katalon.selenium.driver.CChromeDriver
Capabilities {acceptInsecureCerts: false, acceptSslCerts: false, applicationCacheEnabled: false, browserConnectionEnabled: false, browserName: chrome, chrome: {chromedriverVersion: 2.43.600210 (68dcf5eebde371..., userDataDir: C:\Users\ADMINI~1\AppData\L...}, cssSelectorsEnabled: true, databaseEnabled: false, goog:chromeOptions: {debuggerAddress: localhost:63398}, handlesAlerts: true, hasTouchScreen: false, javascriptEnabled: true, locationContextEnabled: true, mobileEmulationEnabled: false, nativeEvents: true, networkConnectionEnabled: false, pageLoadStrategy: normal, platform: XP, platformName: XP, rotatable: false, setWindowRect: true, takesHeapSnapshot: true, takesScreenshot: true, unexpectedAlertBehaviour: , unhandledPromptBehavior: , version: 71.0.3578.98, webStorageEnabled: true}
Session ID: 9d78594ff1bb0f8ca092262363687ac3)
	at com.kms.katalon.core.keyword.internal.KeywordMain.stepFailed(KeywordMain.groovy:36)
	at com.kms.katalon.core.webui.keyword.internal.WebUIKeywordMain.stepFailed(WebUIKeywordMain.groovy:65)
	at com.kms.katalon.core.webui.keyword.internal.WebUIKeywordMain.runKeyword(WebUIKeywordMain.groovy:27)
	at com.kms.katalon.core.webui.keyword.builtin.SendKeysKeyword.sendKeys(SendKeysKeyword.groovy:60)
	at com.kms.katalon.core.webui.keyword.builtin.SendKeysKeyword.execute(SendKeysKeyword.groovy:38)
	at com.kms.katalon.core.keyword.internal.KeywordExecutor.executeKeywordForPlatform(KeywordExecutor.groovy:53)
	at com.kms.katalon.core.webui.keyword.WebUiBuiltInKeywords.sendKeys(WebUiBuiltInKeywords.groovy:834)
	at com.kms.katalon.core.webui.keyword.WebUiBuiltInKeywords$sendKeys$3.call(Unknown Source)
	at Express1-2.run(Express1-2:91)
	at com.kms.katalon.core.main.ScriptEngine.run(ScriptEngine.java:194)
	at com.kms.katalon.core.main.ScriptEngine.runScriptAsRawText(ScriptEngine.java:119)
	at com.kms.katalon.core.main.TestCaseExecutor.runScript(TestCaseExecutor.java:328)
	at com.kms.katalon.core.main.TestCaseExecutor.doExecute(TestCaseExecutor.java:319)
	at com.kms.katalon.core.main.TestCaseExecutor.processExecutionPhase(TestCaseExecutor.java:298)
	at com.kms.katalon.core.main.TestCaseExecutor.accessMainPhase(TestCaseExecutor.java:290)
	at com.kms.katalon.core.main.TestCaseExecutor.execute(TestCaseExecutor.java:224)
	at com.kms.katalon.core.main.TestSuiteExecutor.accessTestCaseMainPhase(TestSuiteExecutor.java:129)
	at com.kms.katalon.core.main.TestSuiteExecutor.accessTestSuiteMainPhase(TestSuiteExecutor.java:112)
	at com.kms.katalon.core.main.TestSuiteExecutor.execute(TestSuiteExecutor.java:81)
	at com.kms.katalon.core.main.TestCaseMain.startTestSuite(TestCaseMain.java:149)
	at com.kms.katalon.core.main.TestCaseMain$startTestSuite$0.call(Unknown Source)
	at TempTestSuite1547061632195.run(TempTestSuite1547061632195.groovy:36)]]></system-out>
         <system-err><![CDATA[2019-01-09 14:20:41 - [TEST_CASE][FAILED] - Test Cases/Express/Express1-2/Express1-2: Test Cases/Express/Express1-2/Express1-2 FAILED.
Reason:
com.kms.katalon.core.exception.StepFailedException: Unable to send keys 'casaca' to object 'Object Repository/Express_Chazki/Entrega/Entrega1/Producto-Entrega-1' (Root cause: org.openqa.selenium.ElementNotVisibleException: element not interactable
  (Session info: chrome=71.0.3578.98)
  (Driver info: chromedriver=2.43.600210 (68dcf5eebde37173d4027fa8635e332711d2874a),platform=Windows NT 10.0.17134 x86_64) (WARNING: The server did not provide any stacktrace information)
Command duration or timeout: 0 milliseconds
Build info: version: '3.7.1', revision: '8a0099a', time: '2017-11-06T21:07:36.161Z'
System info: host: 'DESKTOP-OGOHDN0', ip: '192.168.88.98', os.name: 'Windows 10', os.arch: 'amd64', os.version: '10.0', java.version: '1.8.0_181'
Driver info: com.kms.katalon.selenium.driver.CChromeDriver
Capabilities {acceptInsecureCerts: false, acceptSslCerts: false, applicationCacheEnabled: false, browserConnectionEnabled: false, browserName: chrome, chrome: {chromedriverVersion: 2.43.600210 (68dcf5eebde371..., userDataDir: C:\Users\ADMINI~1\AppData\L...}, cssSelectorsEnabled: true, databaseEnabled: false, goog:chromeOptions: {debuggerAddress: localhost:63398}, handlesAlerts: true, hasTouchScreen: false, javascriptEnabled: true, locationContextEnabled: true, mobileEmulationEnabled: false, nativeEvents: true, networkConnectionEnabled: false, pageLoadStrategy: normal, platform: XP, platformName: XP, rotatable: false, setWindowRect: true, takesHeapSnapshot: true, takesScreenshot: true, unexpectedAlertBehaviour: , unhandledPromptBehavior: , version: 71.0.3578.98, webStorageEnabled: true}
Session ID: 9d78594ff1bb0f8ca092262363687ac3)
	at com.kms.katalon.core.keyword.internal.KeywordMain.stepFailed(KeywordMain.groovy:36)
	at com.kms.katalon.core.webui.keyword.internal.WebUIKeywordMain.stepFailed(WebUIKeywordMain.groovy:65)
	at com.kms.katalon.core.webui.keyword.internal.WebUIKeywordMain.runKeyword(WebUIKeywordMain.groovy:27)
	at com.kms.katalon.core.webui.keyword.builtin.SendKeysKeyword.sendKeys(SendKeysKeyword.groovy:60)
	at com.kms.katalon.core.webui.keyword.builtin.SendKeysKeyword.execute(SendKeysKeyword.groovy:38)
	at com.kms.katalon.core.keyword.internal.KeywordExecutor.executeKeywordForPlatform(KeywordExecutor.groovy:53)
	at com.kms.katalon.core.webui.keyword.WebUiBuiltInKeywords.sendKeys(WebUiBuiltInKeywords.groovy:834)
	at com.kms.katalon.core.webui.keyword.WebUiBuiltInKeywords$sendKeys$3.call(Unknown Source)
	at Express1-2.run(Express1-2:91)
	at com.kms.katalon.core.main.ScriptEngine.run(ScriptEngine.java:194)
	at com.kms.katalon.core.main.ScriptEngine.runScriptAsRawText(ScriptEngine.java:119)
	at com.kms.katalon.core.main.TestCaseExecutor.runScript(TestCaseExecutor.java:328)
	at com.kms.katalon.core.main.TestCaseExecutor.doExecute(TestCaseExecutor.java:319)
	at com.kms.katalon.core.main.TestCaseExecutor.processExecutionPhase(TestCaseExecutor.java:298)
	at com.kms.katalon.core.main.TestCaseExecutor.accessMainPhase(TestCaseExecutor.java:290)
	at com.kms.katalon.core.main.TestCaseExecutor.execute(TestCaseExecutor.java:224)
	at com.kms.katalon.core.main.TestSuiteExecutor.accessTestCaseMainPhase(TestSuiteExecutor.java:129)
	at com.kms.katalon.core.main.TestSuiteExecutor.accessTestSuiteMainPhase(TestSuiteExecutor.java:112)
	at com.kms.katalon.core.main.TestSuiteExecutor.execute(TestSuiteExecutor.java:81)
	at com.kms.katalon.core.main.TestCaseMain.startTestSuite(TestCaseMain.java:149)
	at com.kms.katalon.core.main.TestCaseMain$startTestSuite$0.call(Unknown Source)
	at TempTestSuite1547061632195.run(TempTestSuite1547061632195.groovy:36)]]></system-err>
      </testcase>
      <system-out><![CDATA[2019-01-09 14:20:39 - [TEST_SUITE][FAILED] - Test Suite1: Test Cases/Express/Express1-2/Express1-2 FAILED.
Reason:
com.kms.katalon.core.exception.StepFailedException: Unable to send keys 'casaca' to object 'Object Repository/Express_Chazki/Entrega/Entrega1/Producto-Entrega-1' (Root cause: org.openqa.selenium.ElementNotVisibleException: element not interactable
  (Session info: chrome=71.0.3578.98)
  (Driver info: chromedriver=2.43.600210 (68dcf5eebde37173d4027fa8635e332711d2874a),platform=Windows NT 10.0.17134 x86_64) (WARNING: The server did not provide any stacktrace information)
Command duration or timeout: 0 milliseconds
Build info: version: '3.7.1', revision: '8a0099a', time: '2017-11-06T21:07:36.161Z'
System info: host: 'DESKTOP-OGOHDN0', ip: '192.168.88.98', os.name: 'Windows 10', os.arch: 'amd64', os.version: '10.0', java.version: '1.8.0_181'
Driver info: com.kms.katalon.selenium.driver.CChromeDriver
Capabilities {acceptInsecureCerts: false, acceptSslCerts: false, applicationCacheEnabled: false, browserConnectionEnabled: false, browserName: chrome, chrome: {chromedriverVersion: 2.43.600210 (68dcf5eebde371..., userDataDir: C:\Users\ADMINI~1\AppData\L...}, cssSelectorsEnabled: true, databaseEnabled: false, goog:chromeOptions: {debuggerAddress: localhost:63398}, handlesAlerts: true, hasTouchScreen: false, javascriptEnabled: true, locationContextEnabled: true, mobileEmulationEnabled: false, nativeEvents: true, networkConnectionEnabled: false, pageLoadStrategy: normal, platform: XP, platformName: XP, rotatable: false, setWindowRect: true, takesHeapSnapshot: true, takesScreenshot: true, unexpectedAlertBehaviour: , unhandledPromptBehavior: , version: 71.0.3578.98, webStorageEnabled: true}
Session ID: 9d78594ff1bb0f8ca092262363687ac3)
	at com.kms.katalon.core.keyword.internal.KeywordMain.stepFailed(KeywordMain.groovy:36)
	at com.kms.katalon.core.webui.keyword.internal.WebUIKeywordMain.stepFailed(WebUIKeywordMain.groovy:65)
	at com.kms.katalon.core.webui.keyword.internal.WebUIKeywordMain.runKeyword(WebUIKeywordMain.groovy:27)
	at com.kms.katalon.core.webui.keyword.builtin.SendKeysKeyword.sendKeys(SendKeysKeyword.groovy:60)
	at com.kms.katalon.core.webui.keyword.builtin.SendKeysKeyword.execute(SendKeysKeyword.groovy:38)
	at com.kms.katalon.core.keyword.internal.KeywordExecutor.executeKeywordForPlatform(KeywordExecutor.groovy:53)
	at com.kms.katalon.core.webui.keyword.WebUiBuiltInKeywords.sendKeys(WebUiBuiltInKeywords.groovy:834)
	at com.kms.katalon.core.webui.keyword.WebUiBuiltInKeywords$sendKeys$3.call(Unknown Source)
	at Express1-2.run(Express1-2:91)
	at com.kms.katalon.core.main.ScriptEngine.run(ScriptEngine.java:194)
	at com.kms.katalon.core.main.ScriptEngine.runScriptAsRawText(ScriptEngine.java:119)
	at com.kms.katalon.core.main.TestCaseExecutor.runScript(TestCaseExecutor.java:328)
	at com.kms.katalon.core.main.TestCaseExecutor.doExecute(TestCaseExecutor.java:319)
	at com.kms.katalon.core.main.TestCaseExecutor.processExecutionPhase(TestCaseExecutor.java:298)
	at com.kms.katalon.core.main.TestCaseExecutor.accessMainPhase(TestCaseExecutor.java:290)
	at com.kms.katalon.core.main.TestCaseExecutor.execute(TestCaseExecutor.java:224)
	at com.kms.katalon.core.main.TestSuiteExecutor.accessTestCaseMainPhase(TestSuiteExecutor.java:129)
	at com.kms.katalon.core.main.TestSuiteExecutor.accessTestSuiteMainPhase(TestSuiteExecutor.java:112)
	at com.kms.katalon.core.main.TestSuiteExecutor.execute(TestSuiteExecutor.java:81)
	at com.kms.katalon.core.main.TestCaseMain.startTestSuite(TestCaseMain.java:149)
	at com.kms.katalon.core.main.TestCaseMain$startTestSuite$0.call(Unknown Source)
	at TempTestSuite1547061632195.run(TempTestSuite1547061632195.groovy:36)]]></system-out>
      <system-err><![CDATA[2019-01-09 14:20:39 - [TEST_SUITE][FAILED] - Test Suite1: Test Cases/Express/Express1-2/Express1-2 FAILED.
Reason:
com.kms.katalon.core.exception.StepFailedException: Unable to send keys 'casaca' to object 'Object Repository/Express_Chazki/Entrega/Entrega1/Producto-Entrega-1' (Root cause: org.openqa.selenium.ElementNotVisibleException: element not interactable
  (Session info: chrome=71.0.3578.98)
  (Driver info: chromedriver=2.43.600210 (68dcf5eebde37173d4027fa8635e332711d2874a),platform=Windows NT 10.0.17134 x86_64) (WARNING: The server did not provide any stacktrace information)
Command duration or timeout: 0 milliseconds
Build info: version: '3.7.1', revision: '8a0099a', time: '2017-11-06T21:07:36.161Z'
System info: host: 'DESKTOP-OGOHDN0', ip: '192.168.88.98', os.name: 'Windows 10', os.arch: 'amd64', os.version: '10.0', java.version: '1.8.0_181'
Driver info: com.kms.katalon.selenium.driver.CChromeDriver
Capabilities {acceptInsecureCerts: false, acceptSslCerts: false, applicationCacheEnabled: false, browserConnectionEnabled: false, browserName: chrome, chrome: {chromedriverVersion: 2.43.600210 (68dcf5eebde371..., userDataDir: C:\Users\ADMINI~1\AppData\L...}, cssSelectorsEnabled: true, databaseEnabled: false, goog:chromeOptions: {debuggerAddress: localhost:63398}, handlesAlerts: true, hasTouchScreen: false, javascriptEnabled: true, locationContextEnabled: true, mobileEmulationEnabled: false, nativeEvents: true, networkConnectionEnabled: false, pageLoadStrategy: normal, platform: XP, platformName: XP, rotatable: false, setWindowRect: true, takesHeapSnapshot: true, takesScreenshot: true, unexpectedAlertBehaviour: , unhandledPromptBehavior: , version: 71.0.3578.98, webStorageEnabled: true}
Session ID: 9d78594ff1bb0f8ca092262363687ac3)
	at com.kms.katalon.core.keyword.internal.KeywordMain.stepFailed(KeywordMain.groovy:36)
	at com.kms.katalon.core.webui.keyword.internal.WebUIKeywordMain.stepFailed(WebUIKeywordMain.groovy:65)
	at com.kms.katalon.core.webui.keyword.internal.WebUIKeywordMain.runKeyword(WebUIKeywordMain.groovy:27)
	at com.kms.katalon.core.webui.keyword.builtin.SendKeysKeyword.sendKeys(SendKeysKeyword.groovy:60)
	at com.kms.katalon.core.webui.keyword.builtin.SendKeysKeyword.execute(SendKeysKeyword.groovy:38)
	at com.kms.katalon.core.keyword.internal.KeywordExecutor.executeKeywordForPlatform(KeywordExecutor.groovy:53)
	at com.kms.katalon.core.webui.keyword.WebUiBuiltInKeywords.sendKeys(WebUiBuiltInKeywords.groovy:834)
	at com.kms.katalon.core.webui.keyword.WebUiBuiltInKeywords$sendKeys$3.call(Unknown Source)
	at Express1-2.run(Express1-2:91)
	at com.kms.katalon.core.main.ScriptEngine.run(ScriptEngine.java:194)
	at com.kms.katalon.core.main.ScriptEngine.runScriptAsRawText(ScriptEngine.java:119)
	at com.kms.katalon.core.main.TestCaseExecutor.runScript(TestCaseExecutor.java:328)
	at com.kms.katalon.core.main.TestCaseExecutor.doExecute(TestCaseExecutor.java:319)
	at com.kms.katalon.core.main.TestCaseExecutor.processExecutionPhase(TestCaseExecutor.java:298)
	at com.kms.katalon.core.main.TestCaseExecutor.accessMainPhase(TestCaseExecutor.java:290)
	at com.kms.katalon.core.main.TestCaseExecutor.execute(TestCaseExecutor.java:224)
	at com.kms.katalon.core.main.TestSuiteExecutor.accessTestCaseMainPhase(TestSuiteExecutor.java:129)
	at com.kms.katalon.core.main.TestSuiteExecutor.accessTestSuiteMainPhase(TestSuiteExecutor.java:112)
	at com.kms.katalon.core.main.TestSuiteExecutor.execute(TestSuiteExecutor.java:81)
	at com.kms.katalon.core.main.TestCaseMain.startTestSuite(TestCaseMain.java:149)
	at com.kms.katalon.core.main.TestCaseMain$startTestSuite$0.call(Unknown Source)
	at TempTestSuite1547061632195.run(TempTestSuite1547061632195.groovy:36)]]></system-err>
   </testsuite>
</testsuites>
